<?xml version="1.0" encoding="UTF-8"?>
<!-- Generated by org.testng.reporters.JUnitXMLReporter -->
<testsuite ignored="0" hostname="MT-5CD12778F2" failures="1" tests="4" name="Test" time="24.394" errors="0" timestamp="21 Oct 2021 12:29:35 GMT">
  <testcase classname="com.mindtree.runner.Tester" name="checkGooglePixel" time="1.004">
    <failure type="java.lang.AssertionError" message="expected [â‚¹25,999] but found [₹25,999]">
      <![CDATA[java.lang.AssertionError: expected [â‚¹25,999] but found [₹25,999]
at com.mindtree.runner.Tester.checkGooglePixel(Tester.java:44)
... Removed 31 stack frames]]>
    </failure>
  </testcase> <!-- checkGooglePixel -->
  <testcase classname="com.mindtree.runner.Tester" name="printThreeLinksUnderAppliances" time="0.636"/>
  <testcase classname="com.mindtree.runner.CheckLogin" name="checkIfLoggedIn" time="0.037"/>
  <testcase classname="com.mindtree.runner.CheckLogin" name="login" time="0.332"/>
</testsuite> <!-- Test -->
